<?xml version="1.0" encoding="UTF-8"?>
<testng-results skipped="0" failed="0" ignored="0" total="1" passed="1">
  <reporter-output>
  </reporter-output>
  <suite name="Framework development from scratch" duration-ms="52620" started-at="2024-02-27T01:12:22 UTC" finished-at="2024-02-27T01:13:15 UTC">
    <groups>
    </groups>
    <test name="Test" duration-ms="52620" started-at="2024-02-27T01:12:22 UTC" finished-at="2024-02-27T01:13:15 UTC">
      <class name="com.learning.tests.OrangeHRMTests">
        <test-method status="PASS" signature="setUp([Ljava.lang.Object;)[pri:0, instance:com.learning.tests.OrangeHRMTests@2bbf4b8b]" name="setUp" is-config="true" duration-ms="46400" started-at="2024-02-27T01:12:23 UTC" finished-at="2024-02-27T01:13:09 UTC">
          <params>
            <param index="0">
              <value>
                <![CDATA[[Ljava.lang.Object;@34f22f9d]]>
              </value>
            </param>
          </params>
          <reporter-output>
          </reporter-output>
        </test-method> <!-- setUp -->
        <test-method status="PASS" signature="loginLogout(java.util.HashMap)[pri:0, instance:com.learning.tests.OrangeHRMTests@2bbf4b8b]" name="loginLogout" duration-ms="5103" started-at="2024-02-27T01:13:09 UTC" description="To verify login logout feature" data-provider="getData" finished-at="2024-02-27T01:13:14 UTC">
          <params>
            <param index="0">
              <value>
                <![CDATA[{TestName=loginLogout, MenuBarList=, UserName=Admin, Execute=Yes, SearchValue=, Browser=Chrome, Password=YWRtaW4xMjM=}]]>
              </value>
            </param>
          </params>
          <reporter-output>
          </reporter-output>
        </test-method> <!-- loginLogout -->
        <test-method status="PASS" signature="tearDown()[pri:0, instance:com.learning.tests.OrangeHRMTests@2bbf4b8b]" name="tearDown" is-config="true" duration-ms="616" started-at="2024-02-27T01:13:14 UTC" finished-at="2024-02-27T01:13:15 UTC">
          <reporter-output>
          </reporter-output>
        </test-method> <!-- tearDown -->
      </class> <!-- com.learning.tests.OrangeHRMTests -->
    </test> <!-- Test -->
  </suite> <!-- Framework development from scratch -->
</testng-results>
