<?xml version="1.0" encoding="UTF-8"?>
<testng-results skipped="0" failed="0" ignored="0" total="1" passed="1">
  <reporter-output>
  </reporter-output>
  <suite name="Framework development from scratch" duration-ms="37662" started-at="2023-09-04T01:15:05 UTC" finished-at="2023-09-04T01:15:42 UTC">
    <groups>
    </groups>
    <test name="Test" duration-ms="37662" started-at="2023-09-04T01:15:05 UTC" finished-at="2023-09-04T01:15:42 UTC">
      <class name="com.learning.tests.OrangeHRMTests">
        <test-method status="PASS" signature="setUp([Ljava.lang.Object;)[pri:0, instance:com.learning.tests.OrangeHRMTests@30a3107a]" name="setUp" is-config="true" duration-ms="31806" started-at="2023-09-04T01:15:05 UTC" finished-at="2023-09-04T01:15:37 UTC">
          <params>
            <param index="0">
              <value>
                <![CDATA[[Ljava.lang.Object;@6bca7e0d]]>
              </value>
            </param>
          </params>
          <reporter-output>
          </reporter-output>
        </test-method> <!-- setUp -->
        <test-method status="PASS" signature="loginLogout(java.util.HashMap)[pri:0, instance:com.learning.tests.OrangeHRMTests@30a3107a]" name="loginLogout" duration-ms="4617" started-at="2023-09-04T01:15:37 UTC" description="To verify login logout feature" data-provider="getData" finished-at="2023-09-04T01:15:42 UTC">
          <params>
            <param index="0">
              <value>
                <![CDATA[{TestName=loginLogout, MenuBarList=, UserName=Admin, Execute=Yes, SearchValue=, Browser=Chrome, Password=YWRtaW4xMjM=}]]>
              </value>
            </param>
          </params>
          <reporter-output>
          </reporter-output>
        </test-method> <!-- loginLogout -->
        <test-method status="PASS" signature="tearDown()[pri:0, instance:com.learning.tests.OrangeHRMTests@30a3107a]" name="tearDown" is-config="true" duration-ms="582" started-at="2023-09-04T01:15:42 UTC" finished-at="2023-09-04T01:15:42 UTC">
          <reporter-output>
          </reporter-output>
        </test-method> <!-- tearDown -->
      </class> <!-- com.learning.tests.OrangeHRMTests -->
    </test> <!-- Test -->
  </suite> <!-- Framework development from scratch -->
</testng-results>
